[debug] [2021-04-06T13:19:21.849Z] ----------------------------------------------------------------------
[debug] [2021-04-06T13:19:21.852Z] Command:       C:\Program Files\nodejs\node.exe C:\Users\angular-user\AppData\Roaming\npm\node_modules\firebase-tools\lib\bin\firebase.js init
[debug] [2021-04-06T13:19:21.852Z] CLI Version:   9.8.0
[debug] [2021-04-06T13:19:21.852Z] Platform:      win32
[debug] [2021-04-06T13:19:21.853Z] Node Version:  v14.15.4
[debug] [2021-04-06T13:19:21.854Z] Time:          Tue Apr 06 2021 17:19:21 GMT+0400 (Georgia Standard Time)
[debug] [2021-04-06T13:19:21.854Z] ----------------------------------------------------------------------
[debug] 
[debug] [2021-04-06T13:19:21.860Z] > command requires scopes: ["email","openid","https://www.googleapis.com/auth/cloudplatformprojects.readonly","https://www.googleapis.com/auth/firebase","https://www.googleapis.com/auth/cloud-platform"]
[debug] [2021-04-06T13:19:21.860Z] > authorizing via signed-in user
[info] 
     ######## #### ########  ######## ########     ###     ######  ########
     ##        ##  ##     ## ##       ##     ##  ##   ##  ##       ##
     ######    ##  ########  ######   ########  #########  ######  ######
     ##        ##  ##    ##  ##       ##     ## ##     ##       ## ##
     ##       #### ##     ## ######## ########  ##     ##  ######  ########

You're about to initialize a Firebase project in this directory:

  C:\project\Final-2

Before we get started, keep in mind:

  * You are currently outside your home directory

[info] 
=== Project Setup
[info] 
[info] First, let's associate this project directory with a Firebase project.
[info] You can create multiple project aliases by running firebase use --add, 
[info] but for now we'll just set up a default project.
[info] 
[debug] [2021-04-06T13:20:56.599Z] >>> [apiv2][query] GET https://firebase.googleapis.com/v1beta1/projects pageSize=100
[debug] [2021-04-06T13:20:56.978Z] <<< [apiv2][status] GET https://firebase.googleapis.com/v1beta1/projects 200
[debug] [2021-04-06T13:20:56.979Z] <<< [apiv2][body] GET https://firebase.googleapis.com/v1beta1/projects [omitted]
[info] i  Using project lessoft-4b495 (lessoft) 
[info] 
=== Hosting Setup
[info] 
[info] Your public directory is the folder (relative to your project directory) that
[info] will contain Hosting assets to be uploaded with firebase deploy. If you
[info] have a build process for your assets, use your build's output directory.
[info] 
